2024-06-01 16:26:20,281:INFO:Request URL: https://tiles.api.mappable.world/v1/tiles/?apikey=pk_HscyPxtvwqSDTBHcVSqFXyNJiDWdAZGXoMoLplgudnsXdZDrTzfiNBFobcCSjruI&x=38042&y=24564&z=16 - Status Code: 400
2024-06-01 16:26:20,281:ERROR:Failed to retrieve tile.
2024-06-01 16:27:58,504:ERROR:Failed to retrieve tile. Status Code: 400, Response: "l" is required
2024-06-01 16:27:58,504:ERROR:Failed to retrieve tile.
2024-06-01 16:31:30,295:INFO:Requested URL: https://tiles.api.mappable.world/v1/tiles/?x=38042&y=24564&z=16&lang=en_US&l=map&apikey=pk_HscyPxtvwqSDTBHcVSqFXyNJiDWdAZGXoMoLplgudnsXdZDrTzfiNBFobcCSjruI - Status Code: 200
2024-06-01 16:31:30,296:INFO:Tile retrieved successfully.
2024-06-01 16:31:30,296:INFO:Tile retrieved successfully.
2024-06-01 16:46:50,425:INFO:Tile retrieved successfully for (41.025658, 28.974155) at zoom level 16. URL: https://tiles.api.mappable.world/v1/tiles/?x=5274&y=8203&z=16&lang=en_US&l=map&apikey=pk_HscyPxtvwqSDTBHcVSqFXyNJiDWdAZGXoMoLplgudnsXdZDrTzfiNBFobcCSjruI
2024-06-01 16:46:50,426:INFO:Tile retrieved successfully.
2024-06-01 16:52:50,429:INFO:Tile retrieved successfully for (41.025658, 28.974155) at zoom level 16. URL: https://tiles.api.mappable.world/v1/tiles/?x=5274&y=8203&z=16&lang=en_US&l=map&apikey=pk_HscyPxtvwqSDTBHcVSqFXyNJiDWdAZGXoMoLplgudnsXdZDrTzfiNBFobcCSjruI
2024-06-01 16:52:50,430:INFO:Tile retrieved successfully.
2024-06-01 16:59:19,176:INFO:Requested URL: https://tiles.api.mappable.world/v1/tiles/?x=594&y=383&z=10&lang=en_US&l=map&apikey=pk_HscyPxtvwqSDTBHcVSqFXyNJiDWdAZGXoMoLplgudnsXdZDrTzfiNBFobcCSjruI - Status Code: 200
2024-06-01 16:59:19,177:INFO:Tile retrieved successfully.
2024-06-01 16:59:23,416:INFO:Requested URL: https://tiles.api.mappable.world/v1/tiles/?x=594&y=383&z=10&lang=en_US&l=map&apikey=pk_HscyPxtvwqSDTBHcVSqFXyNJiDWdAZGXoMoLplgudnsXdZDrTzfiNBFobcCSjruI - Status Code: 200
2024-06-01 16:59:23,416:INFO:Tile retrieved successfully.
2024-06-01 17:03:08,946:INFO:Requested URL: https://tiles.api.mappable.world/v1/tiles/?x=19299&y=24629&z=16&lang=en_US&l=map&apikey=pk_HscyPxtvwqSDTBHcVSqFXyNJiDWdAZGXoMoLplgudnsXdZDrTzfiNBFobcCSjruI - Status Code: 200
2024-06-01 17:03:08,947:INFO:Tile retrieved successfully.
2024-06-01 17:04:12,442:INFO:Requested URL: https://tiles.api.mappable.world/v1/tiles/?x=2412&y=3078&z=13&lang=en_US&l=map&apikey=pk_HscyPxtvwqSDTBHcVSqFXyNJiDWdAZGXoMoLplgudnsXdZDrTzfiNBFobcCSjruI - Status Code: 200
2024-06-01 17:04:12,443:INFO:Tile retrieved successfully.
2024-06-01 17:06:33,130:INFO:Requested URL: https://tiles.api.mappable.world/v1/tiles/?x=301&y=384&z=10&lang=en_US&l=map&apikey=pk_HscyPxtvwqSDTBHcVSqFXyNJiDWdAZGXoMoLplgudnsXdZDrTzfiNBFobcCSjruI - Status Code: 200
2024-06-01 17:06:33,131:INFO:Tile retrieved successfully.
2024-06-01 17:06:56,775:INFO:Requested URL: https://tiles.api.mappable.world/v1/tiles/?x=19299&y=24629&z=16&lang=en_US&l=map&apikey=pk_HscyPxtvwqSDTBHcVSqFXyNJiDWdAZGXoMoLplgudnsXdZDrTzfiNBFobcCSjruI - Status Code: 200
2024-06-01 17:06:56,776:INFO:Tile retrieved successfully.
2024-06-01 17:07:22,579:INFO:Requested URL: https://tiles.api.mappable.world/v1/tiles/?x=19299&y=24629&z=16&lang=en_US&l=map&apikey=pk_HscyPxtvwqSDTBHcVSqFXyNJiDWdAZGXoMoLplgudnsXdZDrTzfiNBFobcCSjruI - Status Code: 200
2024-06-01 17:07:22,580:INFO:Tile retrieved successfully.
2024-06-01 17:08:08,378:INFO:Requested URL: https://tiles.api.mappable.world/v1/tiles/?x=9649&y=12314&z=15&lang=en_US&l=map&apikey=pk_HscyPxtvwqSDTBHcVSqFXyNJiDWdAZGXoMoLplgudnsXdZDrTzfiNBFobcCSjruI - Status Code: 200
2024-06-01 17:08:08,379:INFO:Tile retrieved successfully.
2024-06-01 17:12:25,339:INFO:Requested URL: https://tiles.api.mappable.world/v1/tiles/?x=9649&y=12314&z=15&lang=en_US&l=map&apikey=pk_HscyPxtvwqSDTBHcVSqFXyNJiDWdAZGXoMoLplgudnsXdZDrTzfiNBFobcCSjruI - Status Code: 200
2024-06-01 17:12:25,341:INFO:Tile retrieved successfully.
2024-06-01 17:15:08,831:INFO:Requested URL: https://tiles.api.mappable.world/v1/tiles/?x=16581&y=11320&z=15&lang=en_US&l=map&apikey=pk_HscyPxtvwqSDTBHcVSqFXyNJiDWdAZGXoMoLplgudnsXdZDrTzfiNBFobcCSjruI - Status Code: 200
2024-06-01 17:15:08,832:INFO:Tile retrieved successfully.
2024-06-01 17:15:37,734:INFO:Requested URL: https://tiles.api.mappable.world/v1/tiles/?x=4145&y=2830&z=13&lang=en_US&l=map&apikey=pk_HscyPxtvwqSDTBHcVSqFXyNJiDWdAZGXoMoLplgudnsXdZDrTzfiNBFobcCSjruI - Status Code: 200
2024-06-01 17:15:37,734:INFO:Tile retrieved successfully.
2024-06-01 17:21:13,139:INFO:Requested URL: https://tiles.api.mappable.world/v1/tiles/?x=4145&y=2830&z=13&lang=en_US&l=map&apikey=pk_HscyPxtvwqSDTBHcVSqFXyNJiDWdAZGXoMoLplgudnsXdZDrTzfiNBFobcCSjruI - Status Code: 200
2024-06-01 17:21:13,140:INFO:Tile retrieved successfully.
2024-06-01 17:21:18,532:INFO:Requested URL: https://tiles.api.mappable.world/v1/tiles/?x=4145&y=2830&z=13&lang=en_US&l=map&apikey=pk_HscyPxtvwqSDTBHcVSqFXyNJiDWdAZGXoMoLplgudnsXdZDrTzfiNBFobcCSjruI - Status Code: 200
2024-06-01 17:21:18,532:INFO:Tile retrieved successfully.
2024-06-01 17:41:18,321:INFO:Requested URL: https://tiles.api.mappable.world/v1/tiles/?x=4145&y=2830&z=13&lang=en_US&l=map&apikey=pk_HscyPxtvwqSDTBHcVSqFXyNJiDWdAZGXoMoLplgudnsXdZDrTzfiNBFobcCSjruI - Status Code: 200
2024-06-01 17:41:18,322:INFO:Tile retrieved successfully.
2024-06-01 17:41:25,832:INFO:Requested URL: https://tiles.api.mappable.world/v1/tiles/?x=4145&y=2830&z=13&lang=en_US&l=map&apikey=pk_HscyPxtvwqSDTBHcVSqFXyNJiDWdAZGXoMoLplgudnsXdZDrTzfiNBFobcCSjruI - Status Code: 200
2024-06-01 17:41:25,832:INFO:Tile retrieved successfully.
2024-06-01 18:09:37,628:INFO:Requested URL: https://tiles.api.mappable.world/v1/tiles/?x=4145&y=4145&z=13&lang=en_US&l=map&apikey=pk_HscyPxtvwqSDTBHcVSqFXyNJiDWdAZGXoMoLplgudnsXdZDrTzfiNBFobcCSjruI - Status Code: 200
2024-06-01 18:09:37,630:INFO:Tile retrieved successfully.
2024-06-01 18:09:43,563:INFO:Requested URL: https://tiles.api.mappable.world/v1/tiles/?x=4145&y=4145&z=13&lang=en_US&l=map&apikey=pk_HscyPxtvwqSDTBHcVSqFXyNJiDWdAZGXoMoLplgudnsXdZDrTzfiNBFobcCSjruI - Status Code: 200
2024-06-01 18:09:43,565:INFO:Tile retrieved successfully.
2024-06-01 18:10:44,613:INFO:Requested URL: https://tiles.api.mappable.world/v1/tiles/?x=4145&y=4145&z=13&lang=en_US&l=map&apikey=pk_HscyPxtvwqSDTBHcVSqFXyNJiDWdAZGXoMoLplgudnsXdZDrTzfiNBFobcCSjruI - Status Code: 200
2024-06-01 18:10:44,614:INFO:Tile retrieved successfully.
2024-06-01 18:11:07,488:INFO:Requested URL: https://tiles.api.mappable.world/v1/tiles/?x=4145&y=4145&z=13&lang=en_US&l=map&apikey=pk_HscyPxtvwqSDTBHcVSqFXyNJiDWdAZGXoMoLplgudnsXdZDrTzfiNBFobcCSjruI - Status Code: 200
2024-06-01 18:11:07,488:INFO:Tile retrieved successfully.
2024-06-01 18:26:12,917:INFO:Requested URL: https://tiles.api.mappable.world/v1/tiles/?x=4145&y=4145&z=13&lang=en_US&l=map&apikey=pk_HscyPxtvwqSDTBHcVSqFXyNJiDWdAZGXoMoLplgudnsXdZDrTzfiNBFobcCSjruI - Status Code: 200
2024-06-01 18:26:12,918:INFO:Tile retrieved successfully.
2024-06-01 18:43:06,237:INFO:Requested URL: https://tiles.api.mappable.world/v1/tiles/?x=4145&y=4145&z=13&lang=en_US&l=map&apikey=pk_HscyPxtvwqSDTBHcVSqFXyNJiDWdAZGXoMoLplgudnsXdZDrTzfiNBFobcCSjruI - Status Code: 200
2024-06-01 18:43:06,237:INFO:Tile retrieved successfully.
2024-06-01 18:48:25,129:INFO:Requested URL: https://tiles.api.mappable.world/v1/tiles/?x=4145&y=4145&z=13&lang=en_US&l=map&apikey=pk_HscyPxtvwqSDTBHcVSqFXyNJiDWdAZGXoMoLplgudnsXdZDrTzfiNBFobcCSjruI - Status Code: 200
2024-06-01 18:48:25,132:INFO:Tile retrieved successfully.
2024-06-01 18:48:35,059:INFO:Requested URL: https://tiles.api.mappable.world/v1/tiles/?x=4145&y=2836&z=13&lang=en_US&l=map&apikey=pk_HscyPxtvwqSDTBHcVSqFXyNJiDWdAZGXoMoLplgudnsXdZDrTzfiNBFobcCSjruI - Status Code: 200
2024-06-01 18:48:35,059:INFO:Tile retrieved successfully.
2024-06-01 18:48:42,618:INFO:Requested URL: https://tiles.api.mappable.world/v1/tiles/?x=4145&y=2836&z=13&lang=en_US&l=map&apikey=pk_HscyPxtvwqSDTBHcVSqFXyNJiDWdAZGXoMoLplgudnsXdZDrTzfiNBFobcCSjruI - Status Code: 200
2024-06-01 18:48:42,618:INFO:Tile retrieved successfully.
2024-06-01 18:48:46,435:INFO:Requested URL: https://tiles.api.mappable.world/v1/tiles/?x=4145&y=2836&z=13&lang=en_US&l=map&apikey=pk_HscyPxtvwqSDTBHcVSqFXyNJiDWdAZGXoMoLplgudnsXdZDrTzfiNBFobcCSjruI - Status Code: 200
2024-06-01 18:48:46,436:INFO:Tile retrieved successfully.
2024-06-01 18:48:57,664:INFO:Requested URL: https://tiles.api.mappable.world/v1/tiles/?x=4145&y=2836&z=13&lang=en_US&l=map&apikey=pk_HscyPxtvwqSDTBHcVSqFXyNJiDWdAZGXoMoLplgudnsXdZDrTzfiNBFobcCSjruI - Status Code: 200
2024-06-01 18:48:57,664:INFO:Tile retrieved successfully.
2024-06-01 18:49:01,404:INFO:Requested URL: https://tiles.api.mappable.world/v1/tiles/?x=4145&y=2836&z=13&lang=en_US&l=map&apikey=pk_HscyPxtvwqSDTBHcVSqFXyNJiDWdAZGXoMoLplgudnsXdZDrTzfiNBFobcCSjruI - Status Code: 200
2024-06-01 18:49:01,404:INFO:Tile retrieved successfully.
2024-06-01 18:49:50,469:INFO:Requested URL: https://tiles.api.mappable.world/v1/tiles/?x=518&y=354&z=10&lang=en_US&l=map&apikey=pk_HscyPxtvwqSDTBHcVSqFXyNJiDWdAZGXoMoLplgudnsXdZDrTzfiNBFobcCSjruI - Status Code: 200
2024-06-01 18:49:50,469:INFO:Tile retrieved successfully.
2024-06-01 18:51:40,942:INFO:Requested URL: https://tiles.api.mappable.world/v1/tiles/?x=518&y=353&z=10&lang=en_US&l=map&apikey=pk_HscyPxtvwqSDTBHcVSqFXyNJiDWdAZGXoMoLplgudnsXdZDrTzfiNBFobcCSjruI - Status Code: 200
2024-06-01 18:51:40,943:INFO:Tile retrieved successfully.
2024-06-01 20:14:25,272:INFO:Requested URL: https://tiles.api.mappable.world/v1/tiles/?x=518&y=353&z=10&lang=en_US&l=map&apikey=pk_HscyPxtvwqSDTBHcVSqFXyNJiDWdAZGXoMoLplgudnsXdZDrTzfiNBFobcCSjruI - Status Code: 200
2024-06-01 20:14:25,273:INFO:Tile retrieved successfully.
2024-06-01 20:15:29,073:INFO:Requested URL: https://tiles.api.mappable.world/v1/tiles/?x=518&y=353&z=10&lang=en_US&l=map&apikey=pk_HscyPxtvwqSDTBHcVSqFXyNJiDWdAZGXoMoLplgudnsXdZDrTzfiNBFobcCSjruI - Status Code: 200
2024-06-01 20:15:29,074:INFO:Tile retrieved successfully.
2024-06-01 20:16:25,127:INFO:Requested URL: https://tiles.api.mappable.world/v1/tiles/?x=518&y=353&z=10&lang=en_US&l=map&apikey=pk_HscyPxtvwqSDTBHcVSqFXyNJiDWdAZGXoMoLplgudnsXdZDrTzfiNBFobcCSjruI - Status Code: 200
2024-06-01 20:16:25,128:INFO:Tile retrieved successfully.
2024-06-01 20:18:06,387:INFO:Requested URL: https://tiles.api.mappable.world/v1/tiles/?x=518&y=353&z=10&lang=en_US&l=map&apikey=pk_HscyPxtvwqSDTBHcVSqFXyNJiDWdAZGXoMoLplgudnsXdZDrTzfiNBFobcCSjruI - Status Code: 200
2024-06-01 20:18:06,388:INFO:Tile retrieved successfully.
2024-06-01 20:21:16,191:INFO:Requested URL: https://tiles.api.mappable.world/v1/tiles/?x=518&y=353&z=10&lang=en_US&l=map&apikey=pk_HscyPxtvwqSDTBHcVSqFXyNJiDWdAZGXoMoLplgudnsXdZDrTzfiNBFobcCSjruI - Status Code: 200
2024-06-01 20:21:16,192:INFO:Tile retrieved successfully.
2024-06-01 20:45:17,461:INFO:Requested URL: https://tiles.api.mappable.world/v1/tiles/?x=669&y=438&z=10&lang=en_US&l=map&apikey=pk_HscyPxtvwqSDTBHcVSqFXyNJiDWdAZGXoMoLplgudnsXdZDrTzfiNBFobcCSjruI - Status Code: 200
2024-06-01 20:45:17,463:INFO:Tile retrieved successfully.
2024-06-01 20:49:56,700:INFO:Requested URL: https://tiles.api.mappable.world/v1/tiles/?x=42830&y=28055&z=16&lang=en_US&l=map&apikey=pk_HscyPxtvwqSDTBHcVSqFXyNJiDWdAZGXoMoLplgudnsXdZDrTzfiNBFobcCSjruI - Status Code: 200
2024-06-01 20:49:56,700:INFO:Tile retrieved successfully.
2024-06-01 20:56:24,250:INFO:Requested URL: https://tiles.api.mappable.world/v1/tiles/?x=32768&y=32710&z=16&lang=en_US&l=map&apikey=pk_HscyPxtvwqSDTBHcVSqFXyNJiDWdAZGXoMoLplgudnsXdZDrTzfiNBFobcCSjruI - Status Code: 200
2024-06-01 20:56:24,251:INFO:Tile retrieved successfully.
2024-06-01 20:56:28,885:INFO:Requested URL: https://tiles.api.mappable.world/v1/tiles/?x=32768&y=32710&z=16&lang=en_US&l=map&apikey=pk_HscyPxtvwqSDTBHcVSqFXyNJiDWdAZGXoMoLplgudnsXdZDrTzfiNBFobcCSjruI - Status Code: 200
2024-06-01 20:56:28,885:INFO:Tile retrieved successfully.
2024-06-01 20:58:05,400:INFO:Requested URL: https://tiles.api.mappable.world/v1/tiles/?x=512&y=510&z=10&lang=en_US&l=map&apikey=pk_HscyPxtvwqSDTBHcVSqFXyNJiDWdAZGXoMoLplgudnsXdZDrTzfiNBFobcCSjruI - Status Code: 200
2024-06-01 20:58:05,402:INFO:Tile retrieved successfully.
2024-06-01 20:59:18,046:INFO:Requested URL: https://tiles.api.mappable.world/v1/tiles/?x=512&y=353&z=10&lang=en_US&l=map&apikey=pk_HscyPxtvwqSDTBHcVSqFXyNJiDWdAZGXoMoLplgudnsXdZDrTzfiNBFobcCSjruI - Status Code: 200
2024-06-01 20:59:18,047:INFO:Tile retrieved successfully.
2024-06-01 21:00:08,137:INFO:Requested URL: https://tiles.api.mappable.world/v1/tiles/?x=32768&y=22641&z=16&lang=en_US&l=map&apikey=pk_HscyPxtvwqSDTBHcVSqFXyNJiDWdAZGXoMoLplgudnsXdZDrTzfiNBFobcCSjruI - Status Code: 200
2024-06-01 21:00:08,139:INFO:Tile retrieved successfully.
2024-06-01 21:00:38,316:INFO:Requested URL: https://tiles.api.mappable.world/v1/tiles/?x=8192&y=5660&z=14&lang=en_US&l=map&apikey=pk_HscyPxtvwqSDTBHcVSqFXyNJiDWdAZGXoMoLplgudnsXdZDrTzfiNBFobcCSjruI - Status Code: 200
2024-06-01 21:00:38,317:INFO:Tile retrieved successfully.
2024-06-01 21:00:58,230:INFO:Requested URL: https://tiles.api.mappable.world/v1/tiles/?x=2048&y=1415&z=12&lang=en_US&l=map&apikey=pk_HscyPxtvwqSDTBHcVSqFXyNJiDWdAZGXoMoLplgudnsXdZDrTzfiNBFobcCSjruI - Status Code: 200
2024-06-01 21:00:58,231:INFO:Tile retrieved successfully.
2024-06-01 21:07:36,255:INFO:Requested URL: https://tiles.api.mappable.world/v1/tiles/?x=2048&y=1415&z=12&lang=en_US&l=map&apikey=pk_HscyPxtvwqSDTBHcVSqFXyNJiDWdAZGXoMoLplgudnsXdZDrTzfiNBFobcCSjruI - Status Code: 200
2024-06-01 21:07:36,256:INFO:Tile retrieved successfully.
2024-06-01 21:31:30,466:INFO:Requested URL: https://tiles.api.mappable.world/v1/tiles/?x=42830&y=28025&z=16&lang=en_US&l=map&l=map&scale=1.5&projection=web_mercator&apikey=pk_HscyPxtvwqSDTBHcVSqFXyNJiDWdAZGXoMoLplgudnsXdZDrTzfiNBFobcCSjruI - Status Code: 400
2024-06-01 21:31:30,472:ERROR:Failed to retrieve tile. Status Code: 400, Response: "l" must be one of [map, trf]
2024-06-01 21:31:30,472:ERROR:Failed to retrieve tile.
2024-06-01 21:32:24,444:INFO:Requested URL: https://tiles.api.mappable.world/v1/tiles/?x=42830&y=28025&z=16&lang=en_US&l=map&scale=1.5&projection=web_mercator&apikey=pk_HscyPxtvwqSDTBHcVSqFXyNJiDWdAZGXoMoLplgudnsXdZDrTzfiNBFobcCSjruI - Status Code: 200
2024-06-01 21:32:24,446:INFO:Tile retrieved successfully.
